2025-05-26 09:17:24,065 WARN c.m.b.g.e.ApiExceptionHandler.handleMethodArgumentNotValidException [http-nio-8080-exec-1] [MethodArgumentNotValidException] 비밀번호를 입력해주세요; fieldName=password; rejectedValue=
2025-05-26 09:17:50,412 WARN c.m.b.g.e.ApiExceptionHandler.handleMethodArgumentNotValidException [http-nio-8080-exec-1] [MethodArgumentNotValidException] google id token을 입력하세요; fieldName=googleIdToken; rejectedValue=
2025-05-26 09:18:34,412 INFO c.m.blog.global.config.HttpLogger.logHttpRequest [http-nio-8080-exec-3] [HttpRequest] [POST] /v1/auth/signup/google [userId: null] [requestId: postman] [class com.mooky.blog.domain.user.auth.dto.UserSignUpReq]
2025-05-26 09:19:47,853 INFO c.m.blog.global.config.HttpLogger.logHttpRequest [http-nio-8080-exec-1] [HttpRequest] [POST] /v1/auth/signup/google [userId: null] [requestId: postman] [class com.mooky.blog.domain.user.auth.dto.UserSignUpReq]
2025-05-26 09:21:12,656 INFO c.m.blog.global.config.HttpLogger.logHttpRequest [http-nio-8080-exec-2] [HttpRequest] [POST] /v1/auth/signup/google [userId: null] [requestId: postman] [class com.mooky.blog.domain.user.auth.dto.UserSignUpReq]
2025-05-26 09:28:38,784 INFO c.m.blog.global.config.HttpLogger.logHttpRequest [http-nio-8080-exec-2] [HttpRequest] [POST] /v1/auth/signup/google [userId: null] [requestId: postman] [class com.mooky.blog.domain.user.auth.dto.UserSignUpReq]
2025-05-26 09:29:20,581 INFO c.m.blog.global.config.HttpLogger.logHttpRequest [http-nio-8080-exec-2] [HttpRequest] [POST] /v1/auth/signup/google [userId: null] [requestId: postman] [class com.mooky.blog.domain.user.auth.dto.UserSignUpReq]
2025-05-26 09:30:37,229 INFO c.m.blog.global.config.HttpLogger.logHttpRequest [http-nio-8080-exec-1] [HttpRequest] [POST] /v1/auth/signup/google [userId: null] [requestId: postman] [class com.mooky.blog.domain.user.auth.dto.UserSignUpReq]
2025-05-26 09:31:03,410 INFO c.m.blog.global.config.HttpLogger.logHttpRequest [http-nio-8080-exec-2] [HttpRequest] [POST] /v1/auth/signup/google [userId: null] [requestId: postman] [class com.mooky.blog.domain.user.auth.dto.UserSignUpReq]
2025-05-26 09:32:06,574 INFO c.m.blog.global.config.HttpLogger.logHttpRequest [http-nio-8080-exec-1] [HttpRequest] [POST] /v1/auth/signup/google [userId: null] [requestId: postman] [class com.mooky.blog.domain.user.auth.dto.UserSignUpReq]
2025-05-26 09:32:47,099 INFO c.m.blog.global.config.HttpLogger.logHttpRequest [http-nio-8080-exec-2] [HttpRequest] [POST] /v1/auth/signup/google [userId: null] [requestId: postman] [class com.mooky.blog.domain.user.auth.dto.UserSignUpReq]
2025-05-26 09:35:29,870 INFO c.m.blog.global.config.HttpLogger.logHttpRequest [http-nio-8080-exec-1] [HttpRequest] [POST] /v1/auth/signup/google [userId: null] [requestId: postman] [class com.mooky.blog.domain.user.auth.dto.UserSignUpReq]
2025-05-26 11:54:37,244 INFO c.m.blog.global.config.HttpLogger.logHttpRequest [http-nio-8080-exec-2] [HttpRequest] [POST] /v1/auth/signup/google [userId: null] [requestId: postman] [class com.mooky.blog.domain.user.auth.dto.UserSignUpReq]
2025-05-26 11:55:03,142 INFO c.m.blog.global.config.HttpLogger.logHttpRequest [http-nio-8080-exec-3] [HttpRequest] [POST] /v1/auth/login/email [userId: null] [requestId: postman] [class com.mooky.blog.domain.user.auth.dto.EmailLoginReq]
2025-05-26 11:55:03,326 INFO c.m.blog.domain.user.auth.AuthAspect.logLoginAndModifyLoginTime [http-nio-8080-exec-3] [로그인] UserDto(userId={}, username={}, email={}), method=email
2025-05-26 11:57:37,165 INFO c.m.blog.global.config.HttpLogger.logHttpRequest [http-nio-8080-exec-2] [HttpRequest] [POST] /v1/auth/login/email [userId: null] [requestId: postman] [class com.mooky.blog.domain.user.auth.dto.EmailLoginReq]
2025-05-26 11:57:37,278 INFO c.m.blog.domain.user.auth.AuthAspect.logLoginAndModifyLoginTime [http-nio-8080-exec-2] [로그인] UserDto(userId=54, username=유저네임, email=sookim482@gmail.com), method=email
2025-05-26 11:58:02,202 INFO c.m.blog.global.config.HttpLogger.logHttpRequest [http-nio-8080-exec-3] [HttpRequest] [POST] /v1/auth/signup/google [userId: null] [requestId: postman] [class com.mooky.blog.domain.user.auth.dto.UserSignUpReq]
2025-05-26 12:01:18,125 INFO c.m.blog.global.config.HttpLogger.logHttpRequest [http-nio-8080-exec-1] [HttpRequest] [POST] /v1/auth/signup/google [userId: null] [requestId: postman] [class com.mooky.blog.domain.user.auth.dto.UserSignUpReq]
2025-05-26 12:02:30,343 INFO c.m.blog.global.config.HttpLogger.logHttpRequest [http-nio-8080-exec-1] [HttpRequest] [POST] /v1/auth/signup/google [userId: null] [requestId: postman] [class com.mooky.blog.domain.user.auth.dto.UserSignUpReq]
2025-05-26 12:06:15,463 INFO c.m.blog.global.config.HttpLogger.logHttpRequest [http-nio-8080-exec-2] [HttpRequest] [POST] /v1/auth/signup/google [userId: null] [requestId: postman] [class com.mooky.blog.domain.user.auth.dto.UserSignUpReq]
2025-05-26 12:08:49,535 INFO c.m.blog.global.config.HttpLogger.logHttpRequest [http-nio-8080-exec-4] [HttpRequest] [POST] /v1/auth/signup/google [userId: null] [requestId: postman] [class com.mooky.blog.domain.user.auth.dto.UserSignUpReq]
2025-05-26 12:13:04,041 INFO c.m.blog.global.config.HttpLogger.logHttpRequest [http-nio-8080-exec-1] [HttpRequest] [POST] /v1/auth/signup/google [userId: null] [requestId: postman] [class com.mooky.blog.domain.user.auth.dto.UserSignUpReq]
2025-05-26 12:14:32,843 INFO c.m.blog.global.config.HttpLogger.logHttpRequest [http-nio-8080-exec-2] [HttpRequest] [POST] /v1/auth/signup/google [userId: null] [requestId: postman] [class com.mooky.blog.domain.user.auth.dto.UserSignUpReq]
2025-05-26 12:17:21,957 INFO c.m.blog.global.config.HttpLogger.logHttpRequest [http-nio-8080-exec-3] [HttpRequest] [POST] /v1/auth/signup/google [userId: null] [requestId: postman] [class com.mooky.blog.domain.user.auth.dto.UserSignUpReq]
2025-05-26 12:17:22,102 WARN c.m.b.g.e.ApiExceptionHandler.handleApiException [http-nio-8080-exec-3] [구글 로그인 실패] [com.mooky.blog.domain.user.auth.GoogleTokenService.verifyGoogleIdToken(GoogleTokenService.java:39)]
2025-05-26 12:18:58,668 INFO c.m.blog.global.config.HttpLogger.logHttpRequest [http-nio-8080-exec-6] [HttpRequest] [POST] /v1/auth/signup/google [userId: null] [requestId: postman] [class com.mooky.blog.domain.user.auth.dto.UserSignUpReq]
2025-05-26 12:18:58,682 WARN c.m.b.g.e.ApiExceptionHandler.handleApiException [http-nio-8080-exec-6] [구글 로그인 실패] [com.mooky.blog.domain.user.auth.GoogleTokenService.verifyGoogleIdToken(GoogleTokenService.java:39)]
2025-05-26 12:24:58,854 INFO c.m.blog.global.config.HttpLogger.logHttpRequest [http-nio-8080-exec-2] [HttpRequest] [POST] /v1/auth/signup/google [userId: null] [requestId: postman] [class com.mooky.blog.domain.user.auth.dto.UserSignUpReq]
2025-05-26 12:24:58,930 WARN c.m.b.g.e.ApiExceptionHandler.handleApiException [http-nio-8080-exec-2] [구글 로그인 실패] [com.mooky.blog.domain.user.auth.GoogleTokenService.verifyGoogleIdToken(GoogleTokenService.java:39)]
2025-05-26 12:27:14,292 INFO c.m.blog.global.config.HttpLogger.logHttpRequest [http-nio-8080-exec-4] [HttpRequest] [POST] /v1/auth/signup/google [userId: null] [requestId: postman] [class com.mooky.blog.domain.user.auth.dto.UserSignUpReq]
2025-05-26 14:09:53,076 INFO c.m.blog.global.config.HttpLogger.logHttpRequest [http-nio-8080-exec-2] [HttpRequest] [POST] /v1/auth/signup/google [userId: null] [requestId: postman] [class com.mooky.blog.domain.user.auth.dto.UserSignUpReq]
2025-05-26 14:09:53,168 WARN c.m.b.g.e.ApiExceptionHandler.handleApiException [http-nio-8080-exec-2] [google id verification 실패] [com.mooky.blog.domain.user.auth.GoogleTokenService.verifyGoogleIdToken(GoogleTokenService.java:39)]
2025-05-26 14:10:55,889 INFO c.m.blog.global.config.HttpLogger.logHttpRequest [http-nio-8080-exec-4] [HttpRequest] [POST] /v1/auth/signup/google [userId: null] [requestId: postman] [class com.mooky.blog.domain.user.auth.dto.UserSignUpReq]
2025-05-26 14:14:41,114 INFO c.m.blog.global.config.HttpLogger.logHttpRequest [http-nio-8080-exec-2] [HttpRequest] [POST] /v1/auth/login/google [userId: null] [requestId: null] [class com.mooky.blog.domain.user.auth.dto.GoogleLoginReq]
2025-05-26 14:20:59,821 INFO c.m.blog.global.config.HttpLogger.logHttpRequest [http-nio-8080-exec-2] [HttpRequest] [POST] /v1/auth/signup/google [userId: null] [requestId: postman] [class com.mooky.blog.domain.user.auth.dto.UserSignUpReq]
2025-05-26 14:21:58,052 INFO c.m.blog.global.config.HttpLogger.logHttpRequest [http-nio-8080-exec-2] [HttpRequest] [POST] /v1/auth/signup/google [userId: null] [requestId: postman] [class com.mooky.blog.domain.user.auth.dto.UserSignUpReq]
2025-05-26 14:23:18,381 INFO c.m.blog.global.config.HttpLogger.logHttpRequest [http-nio-8080-exec-4] [HttpRequest] [POST] /v1/auth/login/google [userId: null] [requestId: null] [class com.mooky.blog.domain.user.auth.dto.GoogleLoginReq]
2025-05-26 14:25:42,460 INFO c.m.blog.global.config.HttpLogger.logHttpRequest [http-nio-8080-exec-1] [HttpRequest] [POST] /v1/auth/login/google [userId: null] [requestId: null] [class com.mooky.blog.domain.user.auth.dto.GoogleLoginReq]
2025-05-26 14:26:48,774 INFO c.m.blog.global.config.HttpLogger.logHttpRequest [http-nio-8080-exec-4] [HttpRequest] [POST] /v1/auth/login/email [userId: null] [requestId: postman] [class com.mooky.blog.domain.user.auth.dto.EmailLoginReq]
2025-05-26 14:27:37,296 INFO c.m.blog.global.config.HttpLogger.logHttpRequest [http-nio-8080-exec-6] [HttpRequest] [POST] /v1/auth/login/google [userId: null] [requestId: null] [class com.mooky.blog.domain.user.auth.dto.GoogleLoginReq]
2025-05-26 14:27:53,360 INFO c.m.blog.global.config.HttpLogger.logHttpRequest [http-nio-8080-exec-1] [HttpRequest] [POST] /v1/auth/login/google [userId: null] [requestId: null] [class com.mooky.blog.domain.user.auth.dto.GoogleLoginReq]
2025-05-26 14:28:04,112 INFO c.m.blog.global.config.HttpLogger.logHttpRequest [http-nio-8080-exec-3] [HttpRequest] [POST] /v1/auth/signup/google [userId: null] [requestId: postman] [class com.mooky.blog.domain.user.auth.dto.UserSignUpReq]
2025-05-26 14:28:04,661 INFO c.m.blog.domain.user.auth.AuthAspect.logSignUp [http-nio-8080-exec-3] [회원가입] UserDto(userId=70, username=김혜수, email=sookim482.dev@gmail.com)
