2025-05-28 14:27:08,364 WARN o.s.b.w.s.c.AnnotationConfigServletWebServerApplicationContext.refresh [main] Exception encountered during context initialization - cancelling refresh attempt: org.springframework.beans.factory.BeanDefinitionStoreException: Could not enhance configuration class [com.mooky.pet_diary.global.config.SecurityConfig]. Consider declaring @Configuration(proxyBeanMethods=false) without inter-bean references between @Bean methods on the configuration class, avoiding the need for CGLIB enhancement.
2025-05-28 14:28:59,562 WARN o.s.b.a.s.s.UserDetailsServiceAutoConfiguration.getOrDeducePassword [main] 

Using generated security password: 4dd8ffff-10ec-40da-b8bd-f8bbe5289c1f

This generated password is for development use only. Your security configuration must be updated before running your application in production.

2025-05-28 14:31:25,131 WARN o.s.b.a.s.s.UserDetailsServiceAutoConfiguration.getOrDeducePassword [main] 

Using generated security password: 07fb49e8-d821-47a1-a20e-9f2abf555288

This generated password is for development use only. Your security configuration must be updated before running your application in production.

2025-05-28 14:34:41,376 WARN o.s.b.a.s.s.UserDetailsServiceAutoConfiguration.getOrDeducePassword [main] 

Using generated security password: d06737d3-e274-49ee-897e-136e8fc4207e

This generated password is for development use only. Your security configuration must be updated before running your application in production.

2025-05-28 14:36:18,933 WARN o.s.b.a.s.s.UserDetailsServiceAutoConfiguration.getOrDeducePassword [main] 

Using generated security password: 785497f2-7d48-4711-a678-b0b23160c209

This generated password is for development use only. Your security configuration must be updated before running your application in production.

2025-05-28 14:39:44,238 WARN o.s.b.w.s.c.AnnotationConfigServletWebServerApplicationContext.refresh [main] Exception encountered during context initialization - cancelling refresh attempt: org.springframework.beans.factory.BeanCreationException: Error creating bean with name 'petController' defined in file [/Users/soo/Desktop/Portfolio/pet_diary/build/classes/java/main/com/mooky/pet_diary/domain/pet/PetController.class]: Could not generate CGLIB subclass of class com.mooky.pet_diary.domain.pet.PetController: Common causes of this problem include using a final class or a non-visible class
2025-05-28 14:40:16,236 WARN o.s.b.a.s.s.UserDetailsServiceAutoConfiguration.getOrDeducePassword [main] 

Using generated security password: e8289107-b543-4e98-aa9e-13933155e3c0

This generated password is for development use only. Your security configuration must be updated before running your application in production.

2025-05-28 14:42:07,753 WARN o.s.b.a.s.s.UserDetailsServiceAutoConfiguration.getOrDeducePassword [main] 

Using generated security password: 1849cb43-19bf-40e3-a17e-78118fa5ca9e

This generated password is for development use only. Your security configuration must be updated before running your application in production.

2025-05-28 14:42:24,959 WARN o.s.b.w.s.c.AnnotationConfigServletWebServerApplicationContext.refresh [main] Exception encountered during context initialization - cancelling refresh attempt: org.springframework.beans.factory.BeanCreationException: Error creating bean with name 'petController' defined in file [/Users/soo/Desktop/Portfolio/pet_diary/build/classes/java/main/com/mooky/pet_diary/domain/pet/PetController.class]: Could not generate CGLIB subclass of class com.mooky.pet_diary.domain.pet.PetController: Common causes of this problem include using a final class or a non-visible class
2025-05-28 14:43:22,011 WARN o.s.b.a.s.s.UserDetailsServiceAutoConfiguration.getOrDeducePassword [main] 

Using generated security password: e9a0a9e6-8201-4c5d-84c9-ebf64c93fac3

This generated password is for development use only. Your security configuration must be updated before running your application in production.

2025-05-28 14:49:50,642 WARN o.s.b.a.s.s.UserDetailsServiceAutoConfiguration.getOrDeducePassword [main] 

Using generated security password: 6f06a03d-4697-4c11-8314-b38e0033593a

This generated password is for development use only. Your security configuration must be updated before running your application in production.

2025-05-28 14:50:54,544 WARN o.s.b.a.s.s.UserDetailsServiceAutoConfiguration.getOrDeducePassword [main] 

Using generated security password: b74fb9f2-e5c5-42ed-b9d8-afea127842b3

This generated password is for development use only. Your security configuration must be updated before running your application in production.

