2025-05-26 09:17:11,734 WARN o.s.b.a.s.s.UserDetailsServiceAutoConfiguration.getOrDeducePassword [main] 

Using generated security password: 906fbf3e-e6fa-4935-aac0-82925a62f5e2

This generated password is for development use only. Your security configuration must be updated before running your application in production.

2025-05-26 09:17:24,065 WARN c.m.b.g.e.ApiExceptionHandler.handleMethodArgumentNotValidException [http-nio-8080-exec-1] [MethodArgumentNotValidException] 비밀번호를 입력해주세요; fieldName=password; rejectedValue=
2025-05-26 09:17:47,081 WARN o.s.b.a.s.s.UserDetailsServiceAutoConfiguration.getOrDeducePassword [main] 

Using generated security password: b2cb8939-bc2b-41bb-acc7-261adce4f0f1

This generated password is for development use only. Your security configuration must be updated before running your application in production.

2025-05-26 09:17:50,412 WARN c.m.b.g.e.ApiExceptionHandler.handleMethodArgumentNotValidException [http-nio-8080-exec-1] [MethodArgumentNotValidException] google id token을 입력하세요; fieldName=googleIdToken; rejectedValue=
2025-05-26 09:19:45,468 WARN o.s.b.a.s.s.UserDetailsServiceAutoConfiguration.getOrDeducePassword [main] 

Using generated security password: 6f153e90-b89b-43de-a92c-4bdca2f782e9

This generated password is for development use only. Your security configuration must be updated before running your application in production.

2025-05-26 09:21:10,079 WARN o.s.b.a.s.s.UserDetailsServiceAutoConfiguration.getOrDeducePassword [main] 

Using generated security password: 53ecd5ae-5a0e-4ce6-9497-9463e0514132

This generated password is for development use only. Your security configuration must be updated before running your application in production.

2025-05-26 09:28:36,156 WARN o.s.b.a.s.s.UserDetailsServiceAutoConfiguration.getOrDeducePassword [main] 

Using generated security password: b8655ec0-2df8-40e8-80a6-bae4f4ee0829

This generated password is for development use only. Your security configuration must be updated before running your application in production.

2025-05-26 09:29:18,881 WARN o.s.b.a.s.s.UserDetailsServiceAutoConfiguration.getOrDeducePassword [main] 

Using generated security password: 8acbf873-cbdd-4627-afe0-79222656874a

This generated password is for development use only. Your security configuration must be updated before running your application in production.

2025-05-26 09:30:32,233 WARN o.s.b.a.s.s.UserDetailsServiceAutoConfiguration.getOrDeducePassword [main] 

Using generated security password: ad01258f-0d7d-4a94-9f05-328d147bf73a

This generated password is for development use only. Your security configuration must be updated before running your application in production.

2025-05-26 09:31:00,872 WARN o.s.b.a.s.s.UserDetailsServiceAutoConfiguration.getOrDeducePassword [main] 

Using generated security password: ad5a9008-77a1-4d89-b8b6-0d900c724da8

This generated password is for development use only. Your security configuration must be updated before running your application in production.

2025-05-26 09:32:05,183 WARN o.s.b.a.s.s.UserDetailsServiceAutoConfiguration.getOrDeducePassword [main] 

Using generated security password: fb351389-069e-463d-8133-e0ce8b90ed8c

This generated password is for development use only. Your security configuration must be updated before running your application in production.

2025-05-26 09:32:45,285 WARN o.s.b.a.s.s.UserDetailsServiceAutoConfiguration.getOrDeducePassword [main] 

Using generated security password: 5bf3bae3-bfa7-4862-9a28-dfe0eb6f4a81

This generated password is for development use only. Your security configuration must be updated before running your application in production.

2025-05-26 09:35:27,666 WARN o.s.b.a.s.s.UserDetailsServiceAutoConfiguration.getOrDeducePassword [main] 

Using generated security password: fd15c75e-b3c0-427a-9dad-559dfd405a21

This generated password is for development use only. Your security configuration must be updated before running your application in production.

2025-05-26 11:54:32,007 WARN o.s.b.a.s.s.UserDetailsServiceAutoConfiguration.getOrDeducePassword [main] 

Using generated security password: 1d0ed2b4-794d-4fdf-a797-746c495e0347

This generated password is for development use only. Your security configuration must be updated before running your application in production.

2025-05-26 11:57:33,840 WARN o.s.b.a.s.s.UserDetailsServiceAutoConfiguration.getOrDeducePassword [main] 

Using generated security password: aea275b1-ff9f-44d9-b727-b54f1487daf9

This generated password is for development use only. Your security configuration must be updated before running your application in production.

2025-05-26 12:01:16,573 WARN o.s.b.a.s.s.UserDetailsServiceAutoConfiguration.getOrDeducePassword [main] 

Using generated security password: 4fe69a46-c86d-4f7d-8bcc-a06fe89ea6d9

This generated password is for development use only. Your security configuration must be updated before running your application in production.

2025-05-26 12:02:27,718 WARN o.s.b.a.s.s.UserDetailsServiceAutoConfiguration.getOrDeducePassword [main] 

Using generated security password: b4a6ad65-6966-4cc2-9b45-cd9e18be2ef4

This generated password is for development use only. Your security configuration must be updated before running your application in production.

2025-05-26 12:06:13,292 WARN o.s.b.a.s.s.UserDetailsServiceAutoConfiguration.getOrDeducePassword [main] 

Using generated security password: d4a1ed6e-0d71-4bff-9863-ee893514cfc6

This generated password is for development use only. Your security configuration must be updated before running your application in production.

2025-05-26 12:11:20,818 WARN o.s.b.a.s.s.UserDetailsServiceAutoConfiguration.getOrDeducePassword [main] 

Using generated security password: 512b7834-9aba-4b3c-aa4d-61eeb357b4df

This generated password is for development use only. Your security configuration must be updated before running your application in production.

2025-05-26 12:12:57,629 WARN o.s.b.a.s.s.UserDetailsServiceAutoConfiguration.getOrDeducePassword [main] 

Using generated security password: 6f7eddc0-ed3b-4c08-9c52-c45340f13b48

This generated password is for development use only. Your security configuration must be updated before running your application in production.

2025-05-26 12:14:31,286 WARN o.s.b.a.s.s.UserDetailsServiceAutoConfiguration.getOrDeducePassword [main] 

Using generated security password: 70d744aa-37a1-4ad5-8386-095f31491a04

This generated password is for development use only. Your security configuration must be updated before running your application in production.

2025-05-26 12:17:22,102 WARN c.m.b.g.e.ApiExceptionHandler.handleApiException [http-nio-8080-exec-3] [구글 로그인 실패] [com.mooky.blog.domain.user.auth.GoogleTokenService.verifyGoogleIdToken(GoogleTokenService.java:39)]
2025-05-26 12:18:58,682 WARN c.m.b.g.e.ApiExceptionHandler.handleApiException [http-nio-8080-exec-6] [구글 로그인 실패] [com.mooky.blog.domain.user.auth.GoogleTokenService.verifyGoogleIdToken(GoogleTokenService.java:39)]
2025-05-26 12:24:56,643 WARN o.s.b.a.s.s.UserDetailsServiceAutoConfiguration.getOrDeducePassword [main] 

Using generated security password: 72bd28d3-3bf4-469e-9657-fb5249b8a51e

This generated password is for development use only. Your security configuration must be updated before running your application in production.

2025-05-26 12:24:58,930 WARN c.m.b.g.e.ApiExceptionHandler.handleApiException [http-nio-8080-exec-2] [구글 로그인 실패] [com.mooky.blog.domain.user.auth.GoogleTokenService.verifyGoogleIdToken(GoogleTokenService.java:39)]
2025-05-26 14:09:25,889 WARN o.s.b.a.s.s.UserDetailsServiceAutoConfiguration.getOrDeducePassword [main] 

Using generated security password: 7147d62a-2a28-4ac6-86e9-6664c142c445

This generated password is for development use only. Your security configuration must be updated before running your application in production.

2025-05-26 14:09:53,168 WARN c.m.b.g.e.ApiExceptionHandler.handleApiException [http-nio-8080-exec-2] [google id verification 실패] [com.mooky.blog.domain.user.auth.GoogleTokenService.verifyGoogleIdToken(GoogleTokenService.java:39)]
2025-05-26 14:12:57,993 WARN o.s.b.a.s.s.UserDetailsServiceAutoConfiguration.getOrDeducePassword [main] 

Using generated security password: a31d1249-cf31-4651-ab2e-bf90aef99594

This generated password is for development use only. Your security configuration must be updated before running your application in production.

2025-05-26 14:14:34,537 WARN o.s.b.a.s.s.UserDetailsServiceAutoConfiguration.getOrDeducePassword [main] 

Using generated security password: 68c41750-c85f-427a-90d5-baee306456e7

This generated password is for development use only. Your security configuration must be updated before running your application in production.

2025-05-26 14:20:50,827 WARN o.s.b.a.s.s.UserDetailsServiceAutoConfiguration.getOrDeducePassword [main] 

Using generated security password: 05aaf799-05c4-4a62-a874-b6582c6bb2d8

This generated password is for development use only. Your security configuration must be updated before running your application in production.

2025-05-26 14:21:56,377 WARN o.s.b.a.s.s.UserDetailsServiceAutoConfiguration.getOrDeducePassword [main] 

Using generated security password: de354e83-68d6-43fa-8f9a-a2bcec05541f

This generated password is for development use only. Your security configuration must be updated before running your application in production.

2025-05-26 14:25:39,576 WARN o.s.b.a.s.s.UserDetailsServiceAutoConfiguration.getOrDeducePassword [main] 

Using generated security password: 0791efd4-473c-4483-939d-116c0acdf5a0

This generated password is for development use only. Your security configuration must be updated before running your application in production.

2025-05-26 14:27:51,178 WARN o.s.b.a.s.s.UserDetailsServiceAutoConfiguration.getOrDeducePassword [main] 

Using generated security password: 259b23f4-e0ff-4077-9d46-5c5408b928fd

This generated password is for development use only. Your security configuration must be updated before running your application in production.

