2025-05-31 14:31:30,255 WARN o.s.b.a.s.s.UserDetailsServiceAutoConfiguration.getOrDeducePassword [main] 

Using generated security password: ac39584b-4890-4178-a98c-3fe96d124649

This generated password is for development use only. Your security configuration must be updated before running your application in production.

2025-05-31 14:33:51,945 WARN o.s.b.a.s.s.UserDetailsServiceAutoConfiguration.getOrDeducePassword [main] 

Using generated security password: c943ce76-a8b2-4984-be7b-be787e773bc5

This generated password is for development use only. Your security configuration must be updated before running your application in production.

2025-05-31 15:17:29,545 WARN o.s.b.w.s.c.AnnotationConfigServletWebServerApplicationContext.refresh [main] Exception encountered during context initialization - cancelling refresh attempt: org.springframework.boot.context.properties.ConfigurationPropertiesBindException: Error creating bean with name 's3UrlUtil': Could not bind properties to 'S3UrlUtil' : prefix=${aws.s3}, ignoreInvalidFields=false, ignoreUnknownFields=true
2025-05-31 15:18:08,063 WARN o.s.b.a.s.s.UserDetailsServiceAutoConfiguration.getOrDeducePassword [main] 

Using generated security password: 1d1043bd-711b-421e-9cae-173ed50e736f

This generated password is for development use only. Your security configuration must be updated before running your application in production.

2025-05-31 15:18:54,434 WARN o.s.b.a.s.s.UserDetailsServiceAutoConfiguration.getOrDeducePassword [main] 

Using generated security password: 88e3fb82-e4df-494d-92a4-03edc326fd41

This generated password is for development use only. Your security configuration must be updated before running your application in production.

2025-05-31 15:19:24,013 WARN o.s.b.w.s.c.AnnotationConfigServletWebServerApplicationContext.refresh [main] Exception encountered during context initialization - cancelling refresh attempt: org.springframework.beans.factory.BeanCreationException: Error creating bean with name 's3UrlUtil': Injection of autowired dependencies failed
2025-05-31 15:20:31,880 WARN o.s.b.a.s.s.UserDetailsServiceAutoConfiguration.getOrDeducePassword [main] 

Using generated security password: c0169a2e-69af-4e2f-a741-283ad847100a

This generated password is for development use only. Your security configuration must be updated before running your application in production.

2025-05-31 15:21:30,397 WARN o.s.b.a.s.s.UserDetailsServiceAutoConfiguration.getOrDeducePassword [main] 

Using generated security password: 25bec0de-17fc-4c90-84bd-8f5f1bd99d90

This generated password is for development use only. Your security configuration must be updated before running your application in production.

2025-05-31 15:22:00,431 WARN o.s.b.a.s.s.UserDetailsServiceAutoConfiguration.getOrDeducePassword [main] 

Using generated security password: bab56261-1677-4b0c-b589-98ddb860875d

This generated password is for development use only. Your security configuration must be updated before running your application in production.

2025-05-31 15:22:45,984 WARN o.s.b.a.s.s.UserDetailsServiceAutoConfiguration.getOrDeducePassword [main] 

Using generated security password: 663e808f-56ad-48f1-83da-81061b01de10

This generated password is for development use only. Your security configuration must be updated before running your application in production.

2025-05-31 15:23:50,405 WARN o.s.b.a.s.s.UserDetailsServiceAutoConfiguration.getOrDeducePassword [main] 

Using generated security password: 8c68aa5d-846f-4b7c-9f49-c95da9a461c4

This generated password is for development use only. Your security configuration must be updated before running your application in production.

2025-05-31 15:25:47,184 WARN o.s.b.a.s.s.UserDetailsServiceAutoConfiguration.getOrDeducePassword [main] 

Using generated security password: 80bd9895-638b-4c85-9a4b-77fdfec62abb

This generated password is for development use only. Your security configuration must be updated before running your application in production.

